recruitment/proguard.cfg
-optimizationpasses 5
-dontusemixedcaseclassnames
-dontskipnonpubliclibraryclasses
-dontpreverify
-verbose
-optimizations !code/simplification/arithmetic,!field/*,!class/merging/*
-libraryjars E:\\sdk\\android-sdk-windows-2.2\\android-sdk-windows-2.2\\platforms\\android-15\\android.jar


-keep public class org.apache.james.mime4j.** { public protected *; }
-keep public class org.apache.james.mime4j.codec.** { public protected *; }
-keep public class org.apache.james.mime4j.io.** { public protected *; }
-keep public class org.apache.james.mime4j.parser.** { public protected *; }
-keep public class org.apache.james.mime4j.stream.** { public protected *; }
-keep public class org.apache.james.mime4j.util.** { public protected *; }

-keep public class org.apache.http.entity.mime.** { public protected *; }
-keep public class org.apache.http.entity.mime.content.** { public protected *; }

-keep public class oauth.signpost.commonshttp.** { public protected *; }
-keep public class oauth.signpost.** { public protected *; }
-keep public class oauth.signpost.basic.** { public protected *; }
-keep public class oauth.signpost.exception.** { public protected *; }
-keep public class oauth.signpost.http.** { public protected *; }
-keep public class oauth.signpost.signature.** { public protected *; }

-keep public class com.google.gdata.util.common.base.** { public protected *; }


-keep public class android.** { public protected private *; }


-keep public class * extends android.app.Activity
-keep public class * extends android.app.Application
-keep public class * extends android.app.Service
-keep public class * extends android.content.BroadcastReceiver
-keep public class * extends android.content.ContentProvider
-keep public class * extends android.app.backup.BackupAgentHelper
-keep public class * extends android.preference.Preference
-keep public class com.android.vending.licensing.ILicensingService

-keepclasseswithmembernames class * {
    native <methods>;
}

-keepclasseswithmembers class * {
    public <init>(android.content.Context, android.util.AttributeSet);
}

-keepclasseswithmembers class * {
    public <init>(android.content.Context, android.util.AttributeSet, int);
}

-keepclassmembers class * extends android.app.Activity {
   public void *(android.view.View);
}

-keepclassmembers enum * {
    public static **[] values();
    public static ** valueOf(java.lang.String);
}

-keep class * implements android.os.Parcelable {
  public static final android.os.Parcelable$Creator *;
}