recruitment/proguard/seeds.txt
com.janan.recruit.BaseActivity
com.janan.recruit.JobFairsInfoActivity
com.janan.recruit.JobFairsListActivity
com.janan.recruit.MainTabActivity
com.janan.recruit.WelcomeActivity
com.janan.recruit.companyactivity.CompanyActivity
com.janan.recruit.companyactivity.CompanyActivity: void onClick(android.view.View)
com.janan.recruit.companyactivity.CompanyActivity: void login(android.view.View)
com.janan.recruit.companyactivity.CompanyActivity: void register(android.view.View)
com.janan.recruit.companyactivity.CompanyInfoActivity
com.janan.recruit.companyactivity.CompanyInfoActivity: void registerOnclick(android.view.View)
com.janan.recruit.companyactivity.CompanyInfoActivity: void onClick(android.view.View)
com.janan.recruit.companyactivity.JobsActivity
com.janan.recruit.companyactivity.RecieveResumeActivity
com.janan.recruit.companyactivity.RecieveResumeActivity: void sendNotify(android.view.View)
com.janan.recruit.companyactivity.SearchResumeActivity
com.janan.recruit.companyactivity.SearchResumeActivity: void onClick(android.view.View)
com.janan.recruit.companyactivity.SearchResumeListActivity
com.janan.recruit.companyactivity.SendJobsInfoActivity
com.janan.recruit.companyactivity.SendJobsInfoActivity: void buttonOnclick(android.view.View)
com.janan.recruit.personalactivity.ChangPassWordActivity
com.janan.recruit.personalactivity.CompanyEmailActivity
com.janan.recruit.personalactivity.ConverLetterActivity
com.janan.recruit.personalactivity.JobsCollectionActivity
com.janan.recruit.personalactivity.JobsListActivity
com.janan.recruit.personalactivity.PersonalAcitivty
com.janan.recruit.personalactivity.PersonalAcitivty: void login(android.view.View)
com.janan.recruit.personalactivity.PersonalAcitivty: void register(android.view.View)
com.janan.recruit.personalactivity.RegisterActivity
com.janan.recruit.personalactivity.RegisterActivity: void registerOnclick(android.view.View)
com.janan.recruit.personalactivity.ResumeChangeActivity
com.janan.recruit.personalactivity.ResumeChangeActivity: void changeOnclick(android.view.View)
com.janan.recruit.personalactivity.ResumePreviewActivity
com.janan.recruit.personalactivity.SeeMyResumeCompanyActivity
com.janan.recruit.personalactivity.SendResumeOutActivity
com.janan.recruit.personalactivity.SendResumeOutActivity: void sendResume(android.view.View)
com.janan.recruit.personalactivity.SendResumeOutRecordsActivity
com.janan.recruit.searchactivity.JobInfoActivity
com.janan.recruit.searchactivity.SearchActivity
com.janan.recruit.searchactivity.SearchCheckInfoActivity
com.janan.recruit.searchactivity.SearchResultActivity
com.janan.recruit.searchactivity.ShiXiActivity
com.janan.recruit.subscribeactivity.JobSubscribeActivity
com.janan.recruit.subscribeactivity.SubScribeSearch
com.janan.resume.workdynactivity.WorkDynamicsActivity
com.janan.resume.workdynactivity.WorkDynamicsInfoActivity
com.janan.util.activity.CityActivity
com.janan.util.activity.DistrictActivity
com.janan.util.activity.JobDeptActivity
com.janan.util.activity.JobNameActivity
com.janan.util.activity.ProvinceActivity
com.janan.view.mamager.ShowLineLinearLayout
com.janan.view.mamager.ShowLineLinearLayout: ShowLineLinearLayout(android.content.Context,android.util.AttributeSet)