recruitment/proguard/mapping.txt
com.janan.recruit.personalactivity.PersonalAcitivty$7 -> com.janan.recruit.personalactivity.u:
    com.janan.recruit.personalactivity.PersonalAcitivty this$0 -> a
    void onCheckedChanged(android.widget.CompoundButton,boolean) -> onCheckedChanged
com.janan.recruit.personalactivity.RegisterActivity -> com.janan.recruit.personalactivity.RegisterActivity:
    com.janan.view.mamager.TitleBarManager mBarUtil -> u
    android.widget.LinearLayout mRootLayout -> v
    android.widget.EditText mUserNameEditText -> w
    android.widget.EditText mPassWordEditText -> x
    android.widget.EditText mConfirmPassEditText -> y
    android.widget.EditText mEmailEditText -> z
    android.widget.EditText mQQEditText -> A
    java.lang.String mUserName -> B
    java.lang.String mpassWord -> C
    java.lang.String mConfirmPass -> D
    java.lang.String mEmail -> E
    java.lang.String mQQ -> F
    com.janan.net.RegisterEngine mEngine -> t
    void addBar() -> a
    void showSelf() -> d
    void initView() -> e
    void onCreate(android.os.Bundle) -> onCreate
    void registerOnclick(android.view.View) -> registerOnclick
    java.lang.String access$0(com.janan.recruit.personalactivity.RegisterActivity) -> a
    java.lang.String access$1(com.janan.recruit.personalactivity.RegisterActivity) -> b
com.janan.recruit.personalactivity.RegisterActivity$1 -> com.janan.recruit.personalactivity.v:
    com.janan.recruit.personalactivity.RegisterActivity this$0 -> a
    void onClick(android.view.View) -> onClick
com.janan.recruit.personalactivity.RegisterActivity$2 -> com.janan.recruit.personalactivity.w:
    com.janan.recruit.personalactivity.RegisterActivity this$0 -> a
    void handleMessage(android.os.Message) -> handleMessage
com.janan.recruit.personalactivity.ResumeChangeActivity -> com.janan.recruit.personalactivity.ResumeChangeActivity:
    android.widget.LinearLayout mRootLayout -> t
    android.widget.ScrollView mScrollView -> u
    android.widget.LinearLayout mScrollChild -> v
    android.widget.LinearLayout mCoverLayout -> w
    android.widget.TextView titleTextView -> x
    android.widget.Button sendButton -> y
    android.widget.EditText mRealNameEdit -> z
    android.widget.EditText mPhoneNumEdit -> A
    android.widget.EditText mJobContentEditText -> B
    android.widget.TextView mSexText -> C
    android.widget.TextView mBirthText -> D
    android.widget.TextView mLivePlaceText -> E
    android.widget.TextView mQiwanggongzuoText -> F
    android.widget.TextView mQiwanggongzuoText1 -> G
    android.widget.TextView mQiwanggongzuoText2 -> H
    android.widget.TextView mQiwanggongzuodidian -> I
    android.widget.TextView mQiwanggongzuodidian1 -> J
    android.widget.TextView mQiwanggongzuodidian2 -> K
    com.janan.view.mamager.TitleBarManager mBarUtil -> L
    com.janan.data.bean.personal.Resume mResume -> M
    com.janan.net.ResumeInfoChangeEngine changeEngine -> N
    com.janan.net.ResumeInfoEngine mInfoEngine -> O
    int mYear -> P
    int mMonth -> Q
    int mDay -> R
    boolean isSearch -> S
    boolean isBirthday -> T
    int stepNow -> U
    void addBar() -> a
    void updateUI() -> b
    void showSelf() -> d
    void initView() -> e
com.janan.recruit.personalactivity.ResumeChangeActivity$1 -> com.janan.recruit.personalactivity.x:
    com.janan.recruit.personalactivity.ResumeChangeActivity this$0 -> a
    void onClick(android.view.View) -> onClick
com.janan.recruit.personalactivity.ResumeChangeActivity$2 -> com.janan.recruit.personalactivity.y:
    com.janan.recruit.personalactivity.ResumeChangeActivity this$0 -> a
    void onClick(android.view.View) -> onClick
com.janan.recruit.personalactivity.ResumeChangeActivity$3 -> com.janan.recruit.personalactivity.z:
    com.janan.recruit.personalactivity.ResumeChangeActivity this$0 -> a
    void handleMessage(android.os.Message) -> handleMessage