recruitment/proguard/usage.txt
com.gazecloud.dyteam.R
com.gazecloud.dyteam.R$attr
com.gazecloud.dyteam.R$color
com.gazecloud.dyteam.R$dimen
com.gazecloud.dyteam.R$drawable
com.gazecloud.dyteam.R$id
com.gazecloud.dyteam.R$layout
com.gazecloud.dyteam.R$string
com.gazecloud.dyteam.R$style
...
====    46:47:public void setmList(java.util.ArrayList)
====    49:49:public com.janan.recruit.BaseActivity getmActivity()
====    52:53:public void setmActivity(com.janan.recruit.BaseActivity)
com.janan.adapter.JobNameAdapter:
====    50:50:public java.util.ArrayList getmList()
com.janan.adapter.JobsAdapter:
====    45:45:public java.util.ArrayList getmList()
====    51:51:public com.janan.recruit.BaseActivity getmActivity()
====    54:55:public void setmActivity(com.janan.recruit.BaseActivity)
com.janan.adapter.NewsTitleAdapter:
====    45:46:public void setmList(java.util.ArrayList)
====    48:48:public com.janan.recruit.BaseActivity getmActivity()
====    51:52:public void setmActivity(com.janan.recruit.BaseActivity)
com.janan.adapter.OutResumeRecordAdapter:
====    69:69:public java.util.ArrayList getmList()
com.janan.adapter.ProvinceAdapter:
====    57:57:public java.util.ArrayList getProvinces()
====    61:61:public java.util.ArrayList getmList()
com.janan.adapter.RecieveResumesAdapter:
====    58:59:public void setmList(java.util.ArrayList)
com.janan.adapter.ResumeListAdapter:
====    57:58:public void setmList(java.util.ArrayList)
com.janan.adapter.SearchCheckInfoAdapter:
    private int tag
====    29:29:public java.util.ArrayList getmList()
com.janan.adapter.SearchResultAdapter
com.janan.adapter.SeeMyResumeAdapter:
====    60:61:public void setmList(java.util.ArrayList)
com.janan.adapter.SendResumeOutRecordsAdapter
com.janan.adapter.ShixiAdapter:
====    46:47:public void setmList(java.util.ArrayList)
====    49:49:public com.janan.recruit.BaseActivity getmActivity()
====    52:53:public void setmActivity(com.janan.recruit.BaseActivity)
com.janan.data.bean.BaseBean:
    public static final int TAG_CONDITION_YIXIANGZHIWEI
    public static final int TAG_CONDITION_YIXIANGDIDIAN
    public static final int TAG_CONDITION_FABURIQI
    public static final int TAG_CONDITION_GUANJIANCI
    public static final int TAG_CONDITION_GONGZUONIANXIAN
    public static final int TAG_CONDITION_XINGBIEYAOQIU
    public static final int TAG_CONDITION_NIANLING
    public static final int TAG_CONDITION_DAOGANGSHIJIAN
    public static final int TAG_CONDITION_XUELIYAOQIU
    public static final int TAG_CONDITION_HANGYE
    public static final int TAG_CONDITION_XINGJI
    public static final int TAG_CONDITION_QIWANGYUEXIN
    public static final int TAG_CONDITION_JIUDIANLEIXING
    public static final int TAG_CONDITION_ZHAOPINDUIXIANG
    public static final int TAG_CONDITION_ZHAOPINLEIBIE
    public static final int TAG_CONDITION_BAOCHIZHU
    public static final int TAG_CONDITION_GONGZUOSHIJIAN
    public static final int TAG_LIULANQIYE
    public static final int TAG_QIYELAIXIN
    public static final int TAG_QIUZHIJILU
    public static final int TAG_ZHIWEISHOUCANG
    public static final int TAG_XIUGAIWEIJIANLI
    public static final int TAG_YULANJIANLI
    public static final int TAG_SHUAXINJIANLI
    public static final int TAG_WAIFAJIANLI
    public static final int TAG_WAIFAJIANLIJILU
    public static final int TAG_XIUGAIMIMA
    public static final int TAG_SHOUCANGGUANLI
    public static final int TAG_HUKOUSUOZAIDI
====    141:141:public java.lang.String getStringTag(int)
com.janan.data.bean.BeanStatus
com.janan.data.bean.JobFairs:
====    28:28:public java.lang.String getmId()
====    58:58:public java.lang.String getmCity()
com.janan.data.bean.JobInfo:
    private java.lang.String mGongzuodidian
    private java.lang.String mSuozaidiString
    private java.lang.String mSendClickString
    public java.lang.String mAge
    private java.lang.String mZipCode
    private java.lang.String mLianxifangshi
    private java.util.ArrayList singleList